<?xml version="1.0" encoding="UTF-8"?>
<!-- Generated by org.testng.reporters.JUnitXMLReporter -->
<testsuite hostname="LAPTOP-G3HTDHLD" ignored="0" name="Test" tests="2" failures="0" timestamp="22 Mar 2018 12:01:54 GMT" time="0.144" errors="0">
  <testcase name="@BeforeMethod openApp" time="0.0" classname="generic.BaseTest">
    <failure type="org.testng.TestNGException" message="
Parameter &amp;apos;ip&amp;apos; is required by BeforeMethod on method openApp but has not been marked @Optional or defined
in F:\ReddyProject\Frame\testng.xml">
      <![CDATA[org.testng.TestNGException: 
Parameter 'ip' is required by BeforeMethod on method openApp but has not been marked @Optional or defined
in F:\ReddyProject\Frame\testng.xml
... Removed 25 stack frames]]>
    </failure>
  </testcase> <!-- @BeforeMethod openApp -->
  <testcase name="@AfterMethod closeApp" time="0.042" classname="generic.BaseTest">
    <failure type="java.lang.NullPointerException">
      <![CDATA[java.lang.NullPointerException
at generic.BaseTest.closeApp(BaseTest.java:54)
... Removed 28 stack frames]]>
    </failure>
  </testcase> <!-- @AfterMethod closeApp -->
  <testcase name="@BeforeMethod openApp" time="0.0" classname="generic.BaseTest">
    <failure type="org.testng.TestNGException" message="
Parameter &amp;apos;ip&amp;apos; is required by BeforeMethod on method openApp but has not been marked @Optional or defined
in F:\ReddyProject\Frame\testng.xml">
      <![CDATA[org.testng.TestNGException: 
Parameter 'ip' is required by BeforeMethod on method openApp but has not been marked @Optional or defined
in F:\ReddyProject\Frame\testng.xml
... Removed 25 stack frames]]>
    </failure>
  </testcase> <!-- @BeforeMethod openApp -->
  <testcase name="@AfterMethod closeApp" time="0.002" classname="generic.BaseTest">
    <failure type="java.lang.NullPointerException">
      <![CDATA[java.lang.NullPointerException
at generic.BaseTest.closeApp(BaseTest.java:54)
... Removed 28 stack frames]]>
    </failure>
  </testcase> <!-- @AfterMethod closeApp -->
  <testcase name="testValidlogin" time="0.0" classname="script.TestValidLogin">
    <skipped/>
  </testcase> <!-- testValidlogin -->
  <testcase name="testInvlidLogin" time="0.0" classname="script.TestInvalidLogin">
    <skipped/>
  </testcase> <!-- testInvlidLogin -->
</testsuite> <!-- Test -->
