<!DOCTYPE html PUBLIC "-//W3C//DTD XHTML 1.1//EN" "http://www.w3.org/TR/xhtml11/DTD/xhtml11.dtd">
<html xmlns="http://www.w3.org/1999/xhtml">
<head>
<meta http-equiv="content-type" content="text/html; charset=UTF-8"/>
<title>TestNG Report</title>
<style type="text/css">table {margin-bottom:10px;border-collapse:collapse;empty-cells:show}th,td {border:1px solid #009;padding:.25em .5em}th {vertical-align:bottom}td {vertical-align:top}table a {font-weight:bold}.stripe td {background-color: #E6EBF9}.num {text-align:right}.passedodd td {background-color: #3F3}.passedeven td {background-color: #0A0}.skippedodd td {background-color: #DDD}.skippedeven td {background-color: #CCC}.failedodd td,.attn {background-color: #F33}.failedeven td,.stripe .attn {background-color: #D00}.stacktrace {white-space:pre;font-family:monospace}.totop {font-size:85%;text-align:center;border-bottom:2px solid #000}.invisible {display:none}</style>
</head>
<body>
<table>
<tr><th>Test</th><th># Passed</th><th># Skipped</th><th># Failed</th><th>Time (ms)</th><th>Included Groups</th><th>Excluded Groups</th></tr>
<tr><th colspan="7">Suite</th></tr>
<tr><td><a href="#t0">TestOnChrome</a></td><td class="num">3</td><td class="num">0</td><td class="num">0</td><td class="num">65,566</td><td></td><td></td></tr>
<tr class="stripe"><td><a href="#t1">TestOnFirefox</a></td><td class="num">2</td><td class="num">0</td><td class="num attn">1</td><td class="num">93,636</td><td></td><td></td></tr>
<tr><th>Total</th><th class="num">5</th><th class="num">0</th><th class="num attn">1</th><th class="num">159,202</th><th colspan="2"></th></tr>
</table>
<table id='summary'><thead><tr><th>Class</th><th>Method</th><th>Start</th><th>Time (ms)</th></tr></thead><tbody><tr><th colspan="4">Suite</th></tr></tbody><tbody id="t0"><tr><th colspan="4">TestOnChrome &#8212; passed</th></tr><tr class="passedeven"><td rowspan="1">script.TestCreateUser</td><td><a href="#m0">createuser</a></td><td rowspan="1">1522140180637</td><td rowspan="1">14108</td></tr><tr class="passedodd"><td rowspan="1">script.TestInvalidLogin</td><td><a href="#m1">testInvlidLogin</a></td><td rowspan="1">1522140155932</td><td rowspan="1">14085</td></tr><tr class="passedeven"><td rowspan="1">script.TestValidLogin</td><td><a href="#m2">testValidlogin</a></td><td rowspan="1">1522140140646</td><td rowspan="1">4209</td></tr></tbody>
<tbody id="t1"><tr><th colspan="4">TestOnFirefox &#8212; failed (configuration methods)</th></tr><tr class="failedeven"><td rowspan="1">script.TestCreateUser</td><td><a href="#m3">closeApp</a></td><td rowspan="1">1522140290350</td><td rowspan="1">186</td></tr><tr><th colspan="4">TestOnFirefox &#8212; failed</th></tr><tr class="failedeven"><td rowspan="1">script.TestCreateUser</td><td><a href="#m4">createuser</a></td><td rowspan="1">1522140282056</td><td rowspan="1">8280</td></tr><tr><th colspan="4">TestOnFirefox &#8212; passed</th></tr><tr class="passedeven"><td rowspan="1">script.TestInvalidLogin</td><td><a href="#m5">testInvlidLogin</a></td><td rowspan="1">1522140244425</td><td rowspan="1">19398</td></tr><tr class="passedodd"><td rowspan="1">script.TestValidLogin</td><td><a href="#m6">testValidlogin</a></td><td rowspan="1">1522140221730</td><td rowspan="1">4337</td></tr></tbody>
</table>
<h2>TestOnChrome</h2><h3 id="m0">script.TestCreateUser#createuser</h3><table class="result"><tr><th class="invisible"/></tr></table><p class="totop"><a href="#summary">back to summary</a></p>
<h3 id="m1">script.TestInvalidLogin#testInvlidLogin</h3><table class="result"><tr><th>Messages</th></tr><tr><td><div class="messages">Username or Password is invalid. Please try again.<br/>Username or Password is invalid. Please try again.<br/>Username or Password is invalid. Please try again.<br/>Username or Password is invalid. Please try again.</div></td></tr></table><p class="totop"><a href="#summary">back to summary</a></p>
<h3 id="m2">script.TestValidLogin#testValidlogin</h3><table class="result"><tr><th>Messages</th></tr><tr><td><div class="messages">HomePage is displayed</div></td></tr></table><p class="totop"><a href="#summary">back to summary</a></p>
<h2>TestOnFirefox</h2><h3 id="m3">script.TestCreateUser#closeApp</h3><table class="result"><tr class="param"><th>Parameter #1</th></tr><tr class="param stripe"><td>[TestResult name=createuser status=FAILURE method=TestCreateUser.createuser()[pri:3, instance:script.TestCreateUser@687080dc] output={null}]</td></tr><tr><th>Messages</th></tr><tr><td><div class="messages">createuseris FAILED</div></td></tr><tr><th>Exception</th></tr><tr><td><div class="stacktrace">org.openqa.selenium.UnhandledAlertException: : 
Build info: version: &apos;3.11.0&apos;, revision: &apos;e59cfb3&apos;, time: &apos;2018-03-11T20:33:15.31Z&apos;
System info: host: &apos;LAPTOP-G3HTDHLD&apos;, ip: &apos;192.168.137.1&apos;, os.name: &apos;Windows 10&apos;, os.arch: &apos;amd64&apos;, os.version: &apos;10.0&apos;, java.version: &apos;1.8.0_161&apos;
Driver info: org.openqa.selenium.remote.RemoteWebDriver
Capabilities {acceptInsecureCerts: false, browserName: firefox, browserVersion: 58.0.2, javascriptEnabled: true, moz:accessibilityChecks: false, moz:headless: false, moz:processID: 3044, moz:profile: C:\Users\Vishnu Reddy H\App..., moz:webdriverClick: true, pageLoadStrategy: normal, platform: XP, platformName: XP, platformVersion: 10.0, rotatable: false, timeouts: {implicit: 0, pageLoad: 300000, script: 30000}, webdriver.remote.sessionid: 8ff065e2-fdfc-407f-bc79-eee...}
Session ID: 8ff065e2-fdfc-407f-bc79-eeec74245482
	at org.openqa.selenium.remote.http.W3CHttpResponseCodec.decode(W3CHttpResponseCodec.java:120)
	at org.openqa.selenium.remote.http.W3CHttpResponseCodec.decode(W3CHttpResponseCodec.java:49)
	at org.openqa.selenium.remote.HttpCommandExecutor.execute(HttpCommandExecutor.java:158)
	at org.openqa.selenium.remote.RemoteWebDriver.execute(RemoteWebDriver.java:545)
	at org.openqa.selenium.remote.RemoteWebDriver.execute(RemoteWebDriver.java:602)
	at org.openqa.selenium.remote.RemoteWebDriver.close(RemoteWebDriver.java:435)
	at generic.BaseTest.closeApp(BaseTest.java:56)
... Removed 28 stack frames</div></td></tr></table><p class="totop"><a href="#summary">back to summary</a></p>
<h3 id="m4">script.TestCreateUser#createuser</h3><table class="result"><tr><th>Exception</th></tr><tr><td><div class="stacktrace">org.openqa.selenium.ElementClickInterceptedException: Element &lt;div id=&quot;createUserDiv&quot;&gt; is not clickable at point (1142,183.5) because another element &lt;img id=&quot;muar&quot; src=&quot;/img/default/dialogs/exitconfirm/shade.png?hash=1388610907&quot;&gt; obscures it
Build info: version: &apos;3.11.0&apos;, revision: &apos;e59cfb3&apos;, time: &apos;2018-03-11T20:33:15.31Z&apos;
System info: host: &apos;LAPTOP-G3HTDHLD&apos;, ip: &apos;192.168.137.1&apos;, os.name: &apos;Windows 10&apos;, os.arch: &apos;amd64&apos;, os.version: &apos;10.0&apos;, java.version: &apos;1.8.0_161&apos;
Driver info: org.openqa.selenium.remote.RemoteWebDriver
Capabilities {acceptInsecureCerts: false, browserName: firefox, browserVersion: 58.0.2, javascriptEnabled: true, moz:accessibilityChecks: false, moz:headless: false, moz:processID: 3044, moz:profile: C:\Users\Vishnu Reddy H\App..., moz:webdriverClick: true, pageLoadStrategy: normal, platform: XP, platformName: XP, platformVersion: 10.0, rotatable: false, timeouts: {implicit: 0, pageLoad: 300000, script: 30000}, webdriver.remote.sessionid: 8ff065e2-fdfc-407f-bc79-eee...}
Session ID: 8ff065e2-fdfc-407f-bc79-eeec74245482
	at org.openqa.selenium.remote.http.W3CHttpResponseCodec.createException(W3CHttpResponseCodec.java:187)
	at org.openqa.selenium.remote.http.W3CHttpResponseCodec.decode(W3CHttpResponseCodec.java:122)
	at org.openqa.selenium.remote.http.W3CHttpResponseCodec.decode(W3CHttpResponseCodec.java:49)
	at org.openqa.selenium.remote.HttpCommandExecutor.execute(HttpCommandExecutor.java:158)
	at org.openqa.selenium.remote.RemoteWebDriver.execute(RemoteWebDriver.java:545)
	at org.openqa.selenium.remote.RemoteWebElement.execute(RemoteWebElement.java:279)
	at org.openqa.selenium.remote.RemoteWebElement.click(RemoteWebElement.java:83)
	at org.openqa.selenium.support.pagefactory.internal.LocatingElementHandler.invoke(LocatingElementHandler.java:51)
	at com.sun.proxy.$Proxy10.click(Unknown Source)
	at page.ActiTIMEUserListPage.userCreation(ActiTIMEUserListPage.java:40)
	at script.TestCreateUser.createuser(TestCreateUser.java:36)
... Removed 32 stack frames</div></td></tr></table><p class="totop"><a href="#summary">back to summary</a></p>
<h3 id="m5">script.TestInvalidLogin#testInvlidLogin</h3><table class="result"><tr><th>Messages</th></tr><tr><td><div class="messages">Username or Password is invalid. Please try again.<br/>Username or Password is invalid. Please try again.<br/>Username or Password is invalid. Please try again.<br/>Username or Password is invalid. Please try again.</div></td></tr></table><p class="totop"><a href="#summary">back to summary</a></p>
<h3 id="m6">script.TestValidLogin#testValidlogin</h3><table class="result"><tr><th>Messages</th></tr><tr><td><div class="messages">HomePage is displayed</div></td></tr></table><p class="totop"><a href="#summary">back to summary</a></p>
</body>
</html>
